Arguments: 
  C:\Program Files\nodejs\node.exe C:\Users\thomas\AppData\Roaming\npm\node_modules\yarn\bin\yarn.js init

PATH: 
  C:\Users\thomas\bin;C:\Program Files\Git\mingw64\bin;C:\Program Files\Git\usr\local\bin;C:\Program Files\Git\usr\bin;C:\Program Files\Git\usr\bin;C:\Program Files\Git\mingw64\bin;C:\Program Files\Git\usr\bin;C:\Users\thomas\bin;C:\Program Files\Oculus\Support\oculus-runtime;C:\Program Files\ImageMagick-7.0.6-Q16;C:\Windows\system32;C:\Windows;C:\Windows\System32\Wbem;C:\Windows\System32\WindowsPowerShell\v1.0;C:\Program Files\Git\cmd;C:\Program Files\PuTTY;C:\Program Files\nodejs;C:\Go\bin;C:\Users\thomas\AppData\Local\Microsoft\WindowsApps;C:\Program Files (x86)\Microsoft VS Code\bin;C:\Users\thomas\AppData\Roaming\npm;C:\Program Files\ffmpeg\bin;C:\Program Files\Git\usr\bin\vendor_perl;C:\Program Files\Git\usr\bin\core_perl

Yarn version: 
  0.27.5

Node version: 
  7.9.0

Platform: 
  win32 x64

npm manifest: 
  No manifest

yarn manifest: 
  No manifest

Lockfile: 
  No lockfile

Trace: 
  Error: Can't answer a question unless a user TTY
      at ConsoleReporter.question (C:\Users\thomas\AppData\Roaming\npm\node_modules\yarn\lib\reporters\console\console-reporter.js:221:29)
      at Object.<anonymous> (C:\Users\thomas\AppData\Roaming\npm\node_modules\yarn\lib\cli\commands\init.js:117:38)
      at Generator.next (<anonymous>)
      at step (C:\Users\thomas\AppData\Roaming\npm\node_modules\yarn\node_modules\babel-runtime\helpers\asyncToGenerator.js:17:30)
      at C:\Users\thomas\AppData\Roaming\npm\node_modules\yarn\node_modules\babel-runtime\helpers\asyncToGenerator.js:28:13
      at process._tickCallback (internal/process/next_tick.js:109:7)
